2026-04-16 19:23:02,920 INFO Netflix DB эхлүүлэлт эхэллээ...
2026-04-16 19:23:02,921 ERROR Гэнэтийн алдаа: Unsupported argument ' host'
2026-04-16 19:24:16,616 INFO Netflix DB эхлүүлэлт эхэллээ...
2026-04-16 19:24:16,720 ERROR MySQL алдаа: 1698 (28000): Access denied for user 'root'@'localhost'
2026-04-16 19:26:02,417 INFO Netflix DB эхлүүлэлт эхэллээ...
2026-04-16 19:26:02,488 ERROR MySQL алдаа: 1045 (28000): Access denied for user 'root'@'172.18.0.1' (using password: YES)
2026-04-16 19:32:15,780 INFO Netflix DB эхлүүлэлт эхэллээ...
2026-04-16 19:32:15,993 INFO Database 'netflix_db' бэлэн.
2026-04-16 19:32:16,094 INFO Хүснэгт 'movies' бэлэн.
2026-04-16 19:32:16,134 ERROR MySQL алдаа: 1146 (42S02): Table 'netflix_db.MOVIES' doesn't exist
2026-04-16 19:32:16,138 INFO Холболт хаагдлаа.
2026-04-16 23:14:32,144 INFO Netflix DB эхлүүлэлт эхэллээ...
2026-04-16 23:14:32,319 INFO Database 'netflix_db' бэлэн.
2026-04-16 23:14:32,337 INFO Хүснэгт 'movies' бэлэн.
2026-04-16 23:14:32,363 INFO 5 кино амжилттай оруулагдлаа.
2026-04-16 23:14:32,371 INFO --Шалгалт---------------------------------------------------
2026-04-16 23:14:32,371 INFO  [4] The Shawshank             1994 Drama
2026-04-16 23:14:32,372 INFO  [5] Spirited Away             2001 Anime
2026-04-16 23:14:32,372 INFO  [2] The Dark Knight           2008 Action
2026-04-16 23:14:32,372 INFO  [1] Interstellar              2014 Sci-Fi
2026-04-16 23:14:32,372 INFO  [3] Parasite                  2019 Thriller
2026-04-16 23:14:32,372 INFO ------------------------------------------------------------
2026-04-16 23:14:32,373 INFO Дууслаа - 5 кино, 0.23 секунд.
2026-04-16 23:14:32,378 INFO Холболт хаагдлаа.
2026-04-19 20:05:18,591 INFO Netflix DB эхлүүлэлт эхэллээ...
2026-04-19 20:05:18,765 INFO Database 'netflix_db' бэлэн.
2026-04-19 20:05:18,809 INFO Хүснэгт 'movies' бэлэн.
2026-04-19 20:05:18,842 INFO 5 кино амжилттай оруулагдлаа.
2026-04-19 20:05:18,852 INFO --Шалгалт---------------------------------------------------
2026-04-19 20:05:18,854 INFO  [9] The Shawshank             1994 Drama
2026-04-19 20:05:18,855 INFO  [10] Spirited Away             2001 Anime
2026-04-19 20:05:18,855 INFO  [7] The Dark Knight           2008 Action
2026-04-19 20:05:18,856 INFO  [6] Interstellar              2014 Sci-Fi
2026-04-19 20:05:18,856 INFO  [8] Parasite                  2019 Thriller
2026-04-19 20:05:18,857 INFO ------------------------------------------------------------
2026-04-19 20:05:18,857 INFO Дууслаа - 5 кино, 0.27 секунд.
2026-04-19 20:05:18,863 INFO Холболт хаагдлаа.
2026-04-23 22:34:47,072 INFO Netflix DB эхлүүлэлт эхэллээ...
2026-04-23 22:34:47,082 ERROR MySQL алдаа: 2003 (HY000): Can't connect to MySQL server on 'localhost:3307' (111)
2026-04-23 22:46:57,439 INFO Netflix DB эхлүүлэлт эхэллээ...
2026-04-23 22:46:57,556 INFO Database 'netflix_db' бэлэн.
2026-04-23 22:46:57,582 INFO Хүснэгт 'movies' бэлэн.
2026-04-23 22:46:57,599 INFO 5 кино амжилттай оруулагдлаа.
2026-04-23 22:46:57,602 INFO --Шалгалт---------------------------------------------------
2026-04-23 22:46:57,603 INFO  [14] The Shawshank             1994 Drama
2026-04-23 22:46:57,603 INFO  [15] Spirited Away             2001 Anime
2026-04-23 22:46:57,603 INFO  [12] The Dark Knight           2008 Action
2026-04-23 22:46:57,603 INFO  [11] Interstellar              2014 Sci-Fi
2026-04-23 22:46:57,603 INFO  [13] Parasite                  2019 Thriller
2026-04-23 22:46:57,604 INFO ------------------------------------------------------------
2026-04-23 22:46:57,604 INFO Дууслаа - 5 кино, 0.16 секунд.
2026-04-23 22:46:57,607 INFO Холболт хаагдлаа.
2026-04-24 08:14:08,976 INFO Netflix DB эхлүүлэлт эхэллээ...
2026-04-24 08:14:09,067 INFO Database 'netflix_db' бэлэн.
2026-04-24 08:14:09,158 INFO Хүснэгт 'movies' бэлэн.
2026-04-24 08:14:09,184 INFO 15 кино амжилттай оруулагдлаа.
2026-04-24 08:14:09,186 INFO ── Шалгалт ─────────────────────────────────────────
2026-04-24 08:14:09,186 INFO   [ 4] The Shawshank Redemption            1994  Drama         ✅ байна
2026-04-24 08:14:09,187 INFO   [12] The Lion King                       1994  Animation     ✅ байна
2026-04-24 08:14:09,187 INFO   [11] Princess Mononoke                   1997  Anime         ✅ байна
2026-04-24 08:14:09,187 INFO   [ 8] Spirited Away                       2001  Anime         ✅ байна
2026-04-24 08:14:09,187 INFO   [ 6] The Dark Knight                     2008  Action        ✅ байна
2026-04-24 08:14:09,188 INFO   [ 7] Inception                           2010  Thriller      ✅ байна
2026-04-24 08:14:09,188 INFO   [ 5] Interstellar                        2014  Sci-Fi        ✅ байна
2026-04-24 08:14:09,188 INFO   [ 9] Your Name                           2016  Anime         ✅ байна
2026-04-24 08:14:09,188 INFO   [13] Coco                                2017  Animation     ✅ байна
2026-04-24 08:14:09,189 INFO   [ 2] Parasite                            2019  Thriller      ✅ байна
2026-04-24 08:14:09,189 INFO   [10] Demon Slayer: Mugen Train           2020  Anime         ✅ байна
2026-04-24 08:14:09,189 INFO   [15] Soul                                2020  Animation     ✅ байна
2026-04-24 08:14:09,189 INFO   [14] Encanto                             2021  Animation     ✅ байна
2026-04-24 08:14:09,190 INFO   [ 1] Oppenheimer                         2023  Drama         ✅ байна
2026-04-24 08:14:09,190 INFO   [ 3] Poor Things                         2023  Drama         ✅ байна
2026-04-24 08:14:09,190 INFO ────────────────────────────────────────────────────
2026-04-24 08:14:09,191 INFO Дууслаа — 15 кино, 0.21 секунд.
2026-04-24 08:14:09,194 INFO Холболт хаагдлаа.
2026-04-24 08:26:46,447 INFO Netflix DB эхлүүлэлт эхэллээ...
2026-04-24 08:26:46,513 INFO Database 'netflix_db' бэлэн.
2026-04-24 08:26:46,521 INFO Хүснэгт 'movies' бэлэн.
2026-04-24 08:26:46,545 INFO 15 кино амжилттай оруулагдлаа.
2026-04-24 08:26:46,547 INFO ── Шалгалт ─────────────────────────────────────────
2026-04-24 08:26:46,548 INFO   [19] The Shawshank Redemption            1994  Drama         ✅ байна
2026-04-24 08:26:46,548 INFO   [27] The Lion King                       1994  Animation     ✅ байна
2026-04-24 08:26:46,548 INFO   [26] Princess Mononoke                   1997  Anime         ✅ байна
2026-04-24 08:26:46,549 INFO   [23] Spirited Away                       2001  Anime         ✅ байна
2026-04-24 08:26:46,549 INFO   [21] The Dark Knight                     2008  Action        ✅ байна
2026-04-24 08:26:46,549 INFO   [22] Inception                           2010  Thriller      ✅ байна
2026-04-24 08:26:46,550 INFO   [20] Interstellar                        2014  Sci-Fi        ✅ байна
2026-04-24 08:26:46,550 INFO   [24] Your Name                           2016  Anime         ✅ байна
2026-04-24 08:26:46,550 INFO   [28] Coco                                2017  Animation     ✅ байна
2026-04-24 08:26:46,550 INFO   [17] Parasite                            2019  Thriller      ✅ байна
2026-04-24 08:26:46,551 INFO   [25] Demon Slayer: Mugen Train           2020  Anime         ✅ байна
2026-04-24 08:26:46,551 INFO   [30] Soul                                2020  Animation     ✅ байна
2026-04-24 08:26:46,551 INFO   [29] Encanto                             2021  Animation     ✅ байна
2026-04-24 08:26:46,552 INFO   [16] Oppenheimer                         2023  Drama         ✅ байна
2026-04-24 08:26:46,552 INFO   [18] Poor Things                         2023  Drama         ✅ байна
2026-04-24 08:26:46,552 INFO ────────────────────────────────────────────────────
2026-04-24 08:26:46,552 INFO Дууслаа — 15 кино, 0.11 секунд.
2026-04-24 08:26:46,555 INFO Холболт хаагдлаа.
2026-04-24 08:31:49,893 INFO Netflix DB эхлүүлэлт эхэллээ...
2026-04-24 08:31:49,962 INFO Database 'netflix_db' бэлэн.
2026-04-24 08:31:49,975 INFO Хүснэгт 'movies' бэлэн.
2026-04-24 08:31:50,001 INFO 15 кино амжилттай оруулагдлаа.
2026-04-24 08:31:50,003 INFO ── Шалгалт ─────────────────────────────────────────
2026-04-24 08:31:50,004 INFO   [34] The Shawshank Redemption            1994  Drama         ✅ байна
2026-04-24 08:31:50,004 INFO   [42] The Lion King                       1994  Animation     ✅ байна
2026-04-24 08:31:50,004 INFO   [41] Princess Mononoke                   1997  Anime         ✅ байна
2026-04-24 08:31:50,005 INFO   [38] Spirited Away                       2001  Anime         ✅ байна
2026-04-24 08:31:50,005 INFO   [36] The Dark Knight                     2008  Action        ✅ байна
2026-04-24 08:31:50,007 INFO   [37] Inception                           2010  Thriller      ✅ байна
2026-04-24 08:31:50,007 INFO   [35] Interstellar                        2014  Sci-Fi        ✅ байна
2026-04-24 08:31:50,008 INFO   [39] Your Name                           2016  Anime         ✅ байна
2026-04-24 08:31:50,009 INFO   [43] Coco                                2017  Animation     ✅ байна
2026-04-24 08:31:50,009 INFO   [32] Parasite                            2019  Thriller      ✅ байна
2026-04-24 08:31:50,009 INFO   [40] Demon Slayer: Mugen Train           2020  Anime         ✅ байна
2026-04-24 08:31:50,010 INFO   [45] Soul                                2020  Animation     ✅ байна
2026-04-24 08:31:50,010 INFO   [44] Encanto                             2021  Animation     ✅ байна
2026-04-24 08:31:50,011 INFO   [31] Oppenheimer                         2023  Drama         ✅ байна
2026-04-24 08:31:50,011 INFO   [33] Poor Things                         2023  Drama         ✅ байна
2026-04-24 08:31:50,012 INFO ────────────────────────────────────────────────────
2026-04-24 08:31:50,012 INFO Дууслаа — 15 кино, 0.12 секунд.
2026-04-24 08:31:50,017 INFO Холболт хаагдлаа.
